# JRE version: OpenJDK Runtime Environment (11.0.3+12) (build 11.0.3+12-b304.10)
# Java VM: OpenJDK 64-Bit Server VM (11.0.3+12-b304.10, mixed mode, sharing, tiered, compressed oops, concurrent mark sweep gc, windows-amd64)
Heap:
 par new generation   total 39296K, used 29015K [0x00000000d1200000, 0x00000000d3ca0000, 0x00000000e0c00000)
  eden space 34944K,  70% used [0x00000000d1200000, 0x00000000d2a15fe8, 0x00000000d3420000)
  from space 4352K, 100% used [0x00000000d3420000, 0x00000000d3860000, 0x00000000d3860000)
  to   space 4352K,   0% used [0x00000000d3860000, 0x00000000d3860000, 0x00000000d3ca0000)
 concurrent mark-sweep generation total 87424K, used 41201K [0x00000000e0c00000, 0x00000000e6160000, 0x0000000100000000)
 Metaspace       used 49751K, capacity 50850K, committed 51036K, reserved 1095680K
  class space    used 5384K, capacity 5846K, committed 5888K, reserved 1048576K
GC Heap History (10 events):
Event: 18.584 GC heap before
{Heap before GC invocations=3 (full 3):
 par new generation   total 39296K, used 39294K [0x00000000d1200000, 0x00000000d3ca0000, 0x00000000e0c00000)
  eden space 34944K, 100% used [0x00000000d1200000, 0x00000000d3420000, 0x00000000d3420000)
  from space 4352K,  99% used [0x00000000d3860000, 0x00000000d3c9fae0, 0x00000000d3ca0000)
  to   space 4352K,   0% used [0x00000000d3420000, 0x00000000d3420000, 0x00000000d3860000)
 concurrent mark-sweep generation total 87424K, used 25858K [0x00000000e0c00000, 0x00000000e6160000, 0x0000000100000000)
 Metaspace       used 29760K, capacity 30600K, committed 30940K, reserved 1077248K
  class space    used 3268K, capacity 3625K, committed 3712K, reserved 1048576K
}
Event: 18.589 GC heap after
{Heap after GC invocations=4 (full 3):
 par new generation   total 39296K, used 4113K [0x00000000d1200000, 0x00000000d3ca0000, 0x00000000e0c00000)
  eden space 34944K,   0% used [0x00000000d1200000, 0x00000000d1200000, 0x00000000d3420000)
  from space 4352K,  94% used [0x00000000d3420000, 0x00000000d3824498, 0x00000000d3860000)
  to   space 4352K,   0% used [0x00000000d3860000, 0x00000000d3860000, 0x00000000d3ca0000)
 concurrent mark-sweep generation total 87424K, used 29996K [0x00000000e0c00000, 0x00000000e6160000, 0x0000000100000000)
 Metaspace       used 29760K, capacity 30600K, committed 30940K, reserved 1077248K
  class space    used 3268K, capacity 3625K, committed 3712K, reserved 1048576K
}
Event: 19.298 GC heap before
{Heap before GC invocations=4 (full 3):
 par new generation   total 39296K, used 39057K [0x00000000d1200000, 0x00000000d3ca0000, 0x00000000e0c00000)
  eden space 34944K, 100% used [0x00000000d1200000, 0x00000000d3420000, 0x00000000d3420000)
  from space 4352K,  94% used [0x00000000d3420000, 0x00000000d3824498, 0x00000000d3860000)
  to   space 4352K,   0% used [0x00000000d3860000, 0x00000000d3860000, 0x00000000d3ca0000)
 concurrent mark-sweep generation total 87424K, used 29996K [0x00000000e0c00000, 0x00000000e6160000, 0x0000000100000000)
 Metaspace       used 36836K, capacity 37764K, committed 37980K, reserved 1083392K
  class space    used 4176K, capacity 4562K, committed 4608K, reserved 1048576K
}
Event: 19.304 GC heap after
{Heap after GC invocations=5 (full 3):
 par new generation   total 39296K, used 3306K [0x00000000d1200000, 0x00000000d3ca0000, 0x00000000e0c00000)
  eden space 34944K,   0% used [0x00000000d1200000, 0x00000000d1200000, 0x00000000d3420000)
  from space 4352K,  75% used [0x00000000d3860000, 0x00000000d3b9aa30, 0x00000000d3ca0000)
  to   space 4352K,   0% used [0x00000000d3420000, 0x00000000d3420000, 0x00000000d3860000)
 concurrent mark-sweep generation total 87424K, used 33165K [0x00000000e0c00000, 0x00000000e6160000, 0x0000000100000000)
 Metaspace       used 36836K, capacity 37764K, committed 37980K, reserved 1083392K
  class space    used 4176K, capacity 4562K, committed 4608K, reserved 1048576K
}
Event: 19.669 GC heap before
{Heap before GC invocations=5 (full 3):
 par new generation   total 39296K, used 38250K [0x00000000d1200000, 0x00000000d3ca0000, 0x00000000e0c00000)
  eden space 34944K, 100% used [0x00000000d1200000, 0x00000000d3420000, 0x00000000d3420000)
  from space 4352K,  75% used [0x00000000d3860000, 0x00000000d3b9aa30, 0x00000000d3ca0000)
  to   space 4352K,   0% used [0x00000000d3420000, 0x00000000d3420000, 0x00000000d3860000)
 concurrent mark-sweep generation total 87424K, used 33093K [0x00000000e0c00000, 0x00000000e6160000, 0x0000000100000000)
 Metaspace       used 39634K, capacity 40536K, committed 40668K, reserved 1085440K
  class space    used 4476K, capacity 4868K, committed 4992K, reserved 1048576K
}
Event: 19.672 GC heap after
{Heap after GC invocations=6 (full 3):
 par new generation   total 39296K, used 3582K [0x00000000d1200000, 0x00000000d3ca0000, 0x00000000e0c00000)
  eden space 34944K,   0% used [0x00000000d1200000, 0x00000000d1200000, 0x00000000d3420000)
  from space 4352K,  82% used [0x00000000d3420000, 0x00000000d379fa90, 0x00000000d3860000)
  to   space 4352K,   0% used [0x00000000d3860000, 0x00000000d3860000, 0x00000000d3ca0000)
 concurrent mark-sweep generation total 87424K, used 33093K [0x00000000e0c00000, 0x00000000e6160000, 0x0000000100000000)
 Metaspace       used 39634K, capacity 40536K, committed 40668K, reserved 1085440K
  class space    used 4476K, capacity 4868K, committed 4992K, reserved 1048576K
}
Event: 34.410 GC heap before
{Heap before GC invocations=6 (full 3):
 par new generation   total 39296K, used 38526K [0x00000000d1200000, 0x00000000d3ca0000, 0x00000000e0c00000)
  eden space 34944K, 100% used [0x00000000d1200000, 0x00000000d3420000, 0x00000000d3420000)
  from space 4352K,  82% used [0x00000000d3420000, 0x00000000d379fa90, 0x00000000d3860000)
  to   space 4352K,   0% used [0x00000000d3860000, 0x00000000d3860000, 0x00000000d3ca0000)
 concurrent mark-sweep generation total 87424K, used 33093K [0x00000000e0c00000, 0x00000000e6160000, 0x0000000100000000)
 Metaspace       used 44342K, capacity 45385K, committed 45660K, reserved 1089536K
  class space    used 4856K, capacity 5294K, committed 5376K, reserved 1048576K
}
Event: 34.414 GC heap after
{Heap after GC invocations=7 (full 3):
 par new generation   total 39296K, used 4352K [0x00000000d1200000, 0x00000000d3ca0000, 0x00000000e0c00000)
  eden space 34944K,   0% used [0x00000000d1200000, 0x00000000d1200000, 0x00000000d3420000)
  from space 4352K, 100% used [0x00000000d3860000, 0x00000000d3ca0000, 0x00000000d3ca0000)
  to   space 4352K,   0% used [0x00000000d3420000, 0x00000000d3420000, 0x00000000d3860000)
 concurrent mark-sweep generation total 87424K, used 35598K [0x00000000e0c00000, 0x00000000e6160000, 0x0000000100000000)
 Metaspace       used 44342K, capacity 45385K, committed 45660K, reserved 1089536K
  class space    used 4856K, capacity 5294K, committed 5376K, reserved 1048576K
}
Event: 96.635 GC heap before
{Heap before GC invocations=7 (full 3):
 par new generation   total 39296K, used 39296K [0x00000000d1200000, 0x00000000d3ca0000, 0x00000000e0c00000)
  eden space 34944K, 100% used [0x00000000d1200000, 0x00000000d3420000, 0x00000000d3420000)
  from space 4352K, 100% used [0x00000000d3860000, 0x00000000d3ca0000, 0x00000000d3ca0000)
  to   space 4352K,   0% used [0x00000000d3420000, 0x00000000d3420000, 0x00000000d3860000)
 concurrent mark-sweep generation total 87424K, used 35598K [0x00000000e0c00000, 0x00000000e6160000, 0x0000000100000000)
 Metaspace       used 44638K, capacity 45647K, committed 45916K, reserved 1089536K
  class space    used 4858K, capacity 5294K, committed 5376K, reserved 1048576K
}
Event: 96.645 GC heap after
{Heap after GC invocations=8 (full 3):
 par new generation   total 39296K, used 4352K [0x00000000d1200000, 0x00000000d3ca0000, 0x00000000e0c00000)
  eden space 34944K,   0% used [0x00000000d1200000, 0x00000000d1200000, 0x00000000d3420000)
  from space 4352K, 100% used [0x00000000d3420000, 0x00000000d3860000, 0x00000000d3860000)
  to   space 4352K,   0% used [0x00000000d3860000, 0x00000000d3860000, 0x00000000d3ca0000)
 concurrent mark-sweep generation total 87424K, used 41201K [0x00000000e0c00000, 0x00000000e6160000, 0x0000000100000000)
 Metaspace       used 44638K, capacity 45647K, committed 45916K, reserved 1089536K
  class space    used 4858K, capacity 5294K, committed 5376K, reserved 1048576K
}

